<?xml version="1.0" encoding="UTF-8"?>
<coverage generated="1722451814865" clover="3.2.0">
  <project timestamp="1722451814865" name="All files">
    <metrics statements="77" coveredstatements="76" conditionals="91" coveredconditionals="86" methods="10" coveredmethods="10" elements="178" coveredelements="172" complexity="0" loc="77" ncloc="77" packages="1" files="5" classes="5"/>
    <file name="count-zeroes.js" path="/Users/seanfroelich/Documents/Coding/BootCamp/Flask/Flask_Exercises/Divide_&_Conquer_Exercise/prob-divide-conquer/count-zeroes.js">
      <metrics statements="12" coveredstatements="12" conditionals="13" coveredconditionals="13" methods="2" coveredmethods="2"/>
      <line num="25" count="4" type="stmt"/>
      <line num="26" count="4" type="cond" truecount="2" falsecount="0"/>
      <line num="28" count="3" type="stmt"/>
      <line num="32" count="11" type="cond" truecount="2" falsecount="0"/>
      <line num="33" count="10" type="stmt"/>
      <line num="34" count="10" type="cond" truecount="5" falsecount="0"/>
      <line num="35" count="3" type="stmt"/>
      <line num="36" count="7" type="cond" truecount="2" falsecount="0"/>
      <line num="37" count="5" type="stmt"/>
      <line num="39" count="2" type="stmt"/>
      <line num="41" count="1" type="stmt"/>
      <line num="44" count="1" type="stmt"/>
    </file>
    <file name="find-floor.js" path="/Users/seanfroelich/Documents/Coding/BootCamp/Flask/Flask_Exercises/Divide_&_Conquer_Exercise/prob-divide-conquer/find-floor.js">
      <metrics statements="10" coveredstatements="10" conditionals="15" coveredconditionals="14" methods="1" coveredmethods="1"/>
      <line num="2" count="8" type="cond" truecount="2" falsecount="0"/>
      <line num="3" count="7" type="cond" truecount="2" falsecount="0"/>
      <line num="5" count="6" type="stmt"/>
      <line num="7" count="6" type="cond" truecount="1" falsecount="1"/>
      <line num="9" count="6" type="cond" truecount="5" falsecount="0"/>
      <line num="10" count="1" type="stmt"/>
      <line num="13" count="5" type="cond" truecount="2" falsecount="0"/>
      <line num="14" count="4" type="stmt"/>
      <line num="17" count="1" type="stmt"/>
      <line num="20" count="1" type="stmt"/>
    </file>
    <file name="find-rotated-index.js" path="/Users/seanfroelich/Documents/Coding/BootCamp/Flask/Flask_Exercises/Divide_&_Conquer_Exercise/prob-divide-conquer/find-rotated-index.js">
      <metrics statements="24" coveredstatements="24" conditionals="23" coveredconditionals="21" methods="3" coveredmethods="3"/>
      <line num="2" count="5" type="stmt"/>
      <line num="3" count="5" type="cond" truecount="5" falsecount="0"/>
      <line num="4" count="2" type="stmt"/>
      <line num="6" count="3" type="stmt"/>
      <line num="11" count="5" type="cond" truecount="1" falsecount="1"/>
      <line num="12" count="5" type="cond" truecount="4" falsecount="0"/>
      <line num="14" count="4" type="stmt"/>
      <line num="15" count="8" type="stmt"/>
      <line num="16" count="8" type="cond" truecount="2" falsecount="0"/>
      <line num="17" count="3" type="stmt"/>
      <line num="18" count="5" type="cond" truecount="2" falsecount="0"/>
      <line num="19" count="1" type="stmt"/>
      <line num="21" count="4" type="stmt"/>
      <line num="24" count="1" type="stmt"/>
      <line num="28" count="5" type="cond" truecount="3" falsecount="1"/>
      <line num="29" count="5" type="stmt"/>
      <line num="30" count="5" type="stmt"/>
      <line num="31" count="5" type="stmt"/>
      <line num="32" count="7" type="stmt"/>
      <line num="33" count="7" type="cond" truecount="2" falsecount="0"/>
      <line num="34" count="2" type="cond" truecount="2" falsecount="0"/>
      <line num="35" count="1" type="stmt"/>
      <line num="37" count="1" type="stmt"/>
      <line num="41" count="1" type="stmt"/>
    </file>
    <file name="find-rotation-count.js" path="/Users/seanfroelich/Documents/Coding/BootCamp/Flask/Flask_Exercises/Divide_&_Conquer_Exercise/prob-divide-conquer/find-rotation-count.js">
      <metrics statements="10" coveredstatements="10" conditionals="16" coveredconditionals="15" methods="1" coveredmethods="1"/>
      <line num="2" count="6" type="cond" truecount="2" falsecount="0"/>
      <line num="3" count="5" type="cond" truecount="1" falsecount="1"/>
      <line num="4" count="5" type="stmt"/>
      <line num="8" count="5" type="cond" truecount="4" falsecount="0"/>
      <line num="11" count="4" type="cond" truecount="4" falsecount="0"/>
      <line num="12" count="1" type="stmt"/>
      <line num="16" count="3" type="cond" truecount="2" falsecount="0"/>
      <line num="17" count="2" type="stmt"/>
      <line num="20" count="1" type="stmt"/>
      <line num="22" count="1" type="stmt"/>
    </file>
    <file name="sorted-frequency.js" path="/Users/seanfroelich/Documents/Coding/BootCamp/Flask/Flask_Exercises/Divide_&_Conquer_Exercise/prob-divide-conquer/sorted-frequency.js">
      <metrics statements="21" coveredstatements="20" conditionals="24" coveredconditionals="23" methods="3" coveredmethods="3"/>
      <line num="2" count="4" type="stmt"/>
      <line num="3" count="4" type="cond" truecount="2" falsecount="0"/>
      <line num="4" count="3" type="stmt"/>
      <line num="5" count="3" type="stmt"/>
      <line num="9" count="13" type="cond" truecount="2" falsecount="0"/>
      <line num="10" count="12" type="stmt"/>
      <line num="13" count="12" type="cond" truecount="5" falsecount="0"/>
      <line num="14" count="3" type="stmt"/>
      <line num="15" count="9" type="cond" truecount="2" falsecount="0"/>
      <line num="16" count="6" type="stmt"/>
      <line num="18" count="3" type="stmt"/>
      <line num="21" count="1" type="stmt"/>
      <line num="25" count="7" type="cond" truecount="1" falsecount="1"/>
      <line num="26" count="7" type="stmt"/>
      <line num="27" count="7" type="cond" truecount="5" falsecount="0"/>
      <line num="28" count="3" type="stmt"/>
      <line num="29" count="4" type="cond" truecount="2" falsecount="0"/>
      <line num="30" count="1" type="stmt"/>
      <line num="32" count="3" type="stmt"/>
      <line num="35" count="0" type="stmt"/>
      <line num="37" count="1" type="stmt"/>
    </file>
  </project>
</coverage>
