{"/Users/seanfroelich/Documents/Coding/BootCamp/Flask/Flask_Exercises/Divide_&_Conquer_Exercise/prob-divide-conquer/count-zeroes.js": {"path":"/Users/seanfroelich/Documents/Coding/BootCamp/Flask/Flask_Exercises/Divide_&_Conquer_Exercise/prob-divide-conquer/count-zeroes.js","statementMap":{"0":{"start":{"line":25,"column":18},"end":{"line":25,"column":32}},"1":{"start":{"line":26,"column":2},"end":{"line":26,"column":33}},"2":{"start":{"line":26,"column":24},"end":{"line":26,"column":33}},"3":{"start":{"line":28,"column":2},"end":{"line":28,"column":32}},"4":{"start":{"line":32,"column":2},"end":{"line":40,"column":3}},"5":{"start":{"line":33,"column":14},"end":{"line":33,"column":48}},"6":{"start":{"line":34,"column":4},"end":{"line":38,"column":5}},"7":{"start":{"line":35,"column":6},"end":{"line":35,"column":17}},"8":{"start":{"line":36,"column":11},"end":{"line":38,"column":5}},"9":{"start":{"line":37,"column":6},"end":{"line":37,"column":43}},"10":{"start":{"line":39,"column":4},"end":{"line":39,"column":40}},"11":{"start":{"line":41,"column":2},"end":{"line":41,"column":12}},"12":{"start":{"line":44,"column":0},"end":{"line":44,"column":29}}},"fnMap":{"0":{"name":"countZeroes","decl":{"start":{"line":23,"column":9},"end":{"line":23,"column":20}},"loc":{"start":{"line":23,"column":26},"end":{"line":29,"column":1}},"line":23},"1":{"name":"findFirst","decl":{"start":{"line":31,"column":9},"end":{"line":31,"column":18}},"loc":{"start":{"line":31,"column":56},"end":{"line":42,"column":1}},"line":31}},"branchMap":{"0":{"loc":{"start":{"line":26,"column":2},"end":{"line":26,"column":33}},"type":"if","locations":[{"start":{"line":26,"column":2},"end":{"line":26,"column":33}},{"start":{},"end":{}}],"line":26},"1":{"loc":{"start":{"line":31,"column":24},"end":{"line":31,"column":31}},"type":"default-arg","locations":[{"start":{"line":31,"column":30},"end":{"line":31,"column":31}}],"line":31},"2":{"loc":{"start":{"line":31,"column":33},"end":{"line":31,"column":54}},"type":"default-arg","locations":[{"start":{"line":31,"column":40},"end":{"line":31,"column":54}}],"line":31},"3":{"loc":{"start":{"line":32,"column":2},"end":{"line":40,"column":3}},"type":"if","locations":[{"start":{"line":32,"column":2},"end":{"line":40,"column":3}},{"start":{},"end":{}}],"line":32},"4":{"loc":{"start":{"line":34,"column":4},"end":{"line":38,"column":5}},"type":"if","locations":[{"start":{"line":34,"column":4},"end":{"line":38,"column":5}},{"start":{"line":36,"column":11},"end":{"line":38,"column":5}}],"line":34},"5":{"loc":{"start":{"line":34,"column":8},"end":{"line":34,"column":59}},"type":"binary-expr","locations":[{"start":{"line":34,"column":9},"end":{"line":34,"column":18}},{"start":{"line":34,"column":22},"end":{"line":34,"column":40}},{"start":{"line":34,"column":45},"end":{"line":34,"column":59}}],"line":34},"6":{"loc":{"start":{"line":36,"column":11},"end":{"line":38,"column":5}},"type":"if","locations":[{"start":{"line":36,"column":11},"end":{"line":38,"column":5}},{"start":{},"end":{}}],"line":36}},"s":{"0":4,"1":4,"2":1,"3":3,"4":11,"5":10,"6":10,"7":3,"8":7,"9":5,"10":2,"11":1,"12":1},"f":{"0":4,"1":11},"b":{"0":[1,3],"1":[4],"2":[4],"3":[10,1],"4":[3,7],"5":[10,8,8],"6":[5,2]},"_coverageSchema":"1a1c01bbd47fc00a2c39e90264f33305004495a9","hash":"fb6c57847dc0d4c3efa59d535a9b7fc04aa03f70"}
,"/Users/seanfroelich/Documents/Coding/BootCamp/Flask/Flask_Exercises/Divide_&_Conquer_Exercise/prob-divide-conquer/find-floor.js": {"path":"/Users/seanfroelich/Documents/Coding/BootCamp/Flask/Flask_Exercises/Divide_&_Conquer_Exercise/prob-divide-conquer/find-floor.js","statementMap":{"0":{"start":{"line":2,"column":2},"end":{"line":2,"column":28}},"1":{"start":{"line":2,"column":18},"end":{"line":2,"column":28}},"2":{"start":{"line":3,"column":2},"end":{"line":3,"column":41}},"3":{"start":{"line":3,"column":24},"end":{"line":3,"column":41}},"4":{"start":{"line":5,"column":12},"end":{"line":5,"column":40}},"5":{"start":{"line":7,"column":2},"end":{"line":7,"column":40}},"6":{"start":{"line":7,"column":24},"end":{"line":7,"column":40}},"7":{"start":{"line":9,"column":2},"end":{"line":11,"column":3}},"8":{"start":{"line":10,"column":4},"end":{"line":10,"column":24}},"9":{"start":{"line":13,"column":2},"end":{"line":15,"column":3}},"10":{"start":{"line":14,"column":4},"end":{"line":14,"column":45}},"11":{"start":{"line":17,"column":2},"end":{"line":17,"column":44}},"12":{"start":{"line":20,"column":0},"end":{"line":20,"column":27}}},"fnMap":{"0":{"name":"findFloor","decl":{"start":{"line":1,"column":9},"end":{"line":1,"column":18}},"loc":{"start":{"line":1,"column":61},"end":{"line":18,"column":1}},"line":1}},"branchMap":{"0":{"loc":{"start":{"line":1,"column":29},"end":{"line":1,"column":36}},"type":"default-arg","locations":[{"start":{"line":1,"column":35},"end":{"line":1,"column":36}}],"line":1},"1":{"loc":{"start":{"line":1,"column":38},"end":{"line":1,"column":59}},"type":"default-arg","locations":[{"start":{"line":1,"column":45},"end":{"line":1,"column":59}}],"line":1},"2":{"loc":{"start":{"line":2,"column":2},"end":{"line":2,"column":28}},"type":"if","locations":[{"start":{"line":2,"column":2},"end":{"line":2,"column":28}},{"start":{},"end":{}}],"line":2},"3":{"loc":{"start":{"line":3,"column":2},"end":{"line":3,"column":41}},"type":"if","locations":[{"start":{"line":3,"column":2},"end":{"line":3,"column":41}},{"start":{},"end":{}}],"line":3},"4":{"loc":{"start":{"line":7,"column":2},"end":{"line":7,"column":40}},"type":"if","locations":[{"start":{"line":7,"column":2},"end":{"line":7,"column":40}},{"start":{},"end":{}}],"line":7},"5":{"loc":{"start":{"line":9,"column":2},"end":{"line":11,"column":3}},"type":"if","locations":[{"start":{"line":9,"column":2},"end":{"line":11,"column":3}},{"start":{},"end":{}}],"line":9},"6":{"loc":{"start":{"line":9,"column":6},"end":{"line":9,"column":54}},"type":"binary-expr","locations":[{"start":{"line":9,"column":6},"end":{"line":9,"column":13}},{"start":{"line":9,"column":17},"end":{"line":9,"column":36}},{"start":{"line":9,"column":40},"end":{"line":9,"column":54}}],"line":9},"7":{"loc":{"start":{"line":13,"column":2},"end":{"line":15,"column":3}},"type":"if","locations":[{"start":{"line":13,"column":2},"end":{"line":15,"column":3}},{"start":{},"end":{}}],"line":13}},"s":{"0":8,"1":1,"2":7,"3":1,"4":6,"5":6,"6":0,"7":6,"8":1,"9":5,"10":4,"11":1,"12":1},"f":{"0":8},"b":{"0":[3],"1":[3],"2":[1,7],"3":[1,6],"4":[0,6],"5":[1,5],"6":[6,5,2],"7":[4,1]},"_coverageSchema":"1a1c01bbd47fc00a2c39e90264f33305004495a9","hash":"e60e391ca3281dc282e4c1437b4bbb24b2f2fbf4"}
,"/Users/seanfroelich/Documents/Coding/BootCamp/Flask/Flask_Exercises/Divide_&_Conquer_Exercise/prob-divide-conquer/find-rotated-index.js": {"path":"/Users/seanfroelich/Documents/Coding/BootCamp/Flask/Flask_Exercises/Divide_&_Conquer_Exercise/prob-divide-conquer/find-rotated-index.js","statementMap":{"0":{"start":{"line":2,"column":14},"end":{"line":2,"column":30}},"1":{"start":{"line":3,"column":2},"end":{"line":7,"column":3}},"2":{"start":{"line":4,"column":4},"end":{"line":4,"column":50}},"3":{"start":{"line":6,"column":4},"end":{"line":6,"column":61}},"4":{"start":{"line":11,"column":2},"end":{"line":11,"column":36}},"5":{"start":{"line":11,"column":26},"end":{"line":11,"column":36}},"6":{"start":{"line":12,"column":2},"end":{"line":12,"column":56}},"7":{"start":{"line":12,"column":46},"end":{"line":12,"column":56}},"8":{"start":{"line":14,"column":2},"end":{"line":23,"column":3}},"9":{"start":{"line":15,"column":14},"end":{"line":15,"column":43}},"10":{"start":{"line":16,"column":4},"end":{"line":22,"column":5}},"11":{"start":{"line":17,"column":6},"end":{"line":17,"column":17}},"12":{"start":{"line":18,"column":11},"end":{"line":22,"column":5}},"13":{"start":{"line":19,"column":6},"end":{"line":19,"column":20}},"14":{"start":{"line":21,"column":6},"end":{"line":21,"column":22}},"15":{"start":{"line":24,"column":2},"end":{"line":24,"column":12}},"16":{"start":{"line":28,"column":2},"end":{"line":28,"column":65}},"17":{"start":{"line":28,"column":56},"end":{"line":28,"column":65}},"18":{"start":{"line":29,"column":14},"end":{"line":29,"column":15}},"19":{"start":{"line":30,"column":12},"end":{"line":30,"column":26}},"20":{"start":{"line":31,"column":2},"end":{"line":39,"column":3}},"21":{"start":{"line":32,"column":14},"end":{"line":32,"column":43}},"22":{"start":{"line":33,"column":4},"end":{"line":38,"column":5}},"23":{"start":{"line":33,"column":33},"end":{"line":33,"column":48}},"24":{"start":{"line":34,"column":9},"end":{"line":38,"column":5}},"25":{"start":{"line":35,"column":6},"end":{"line":35,"column":22}},"26":{"start":{"line":37,"column":6},"end":{"line":37,"column":20}},"27":{"start":{"line":41,"column":0},"end":{"line":41,"column":34}}},"fnMap":{"0":{"name":"findRotatedIndex","decl":{"start":{"line":1,"column":9},"end":{"line":1,"column":25}},"loc":{"start":{"line":1,"column":38},"end":{"line":8,"column":1}},"line":1},"1":{"name":"binarySearch","decl":{"start":{"line":10,"column":9},"end":{"line":10,"column":21}},"loc":{"start":{"line":10,"column":46},"end":{"line":25,"column":1}},"line":10},"2":{"name":"findPivot","decl":{"start":{"line":27,"column":9},"end":{"line":27,"column":18}},"loc":{"start":{"line":27,"column":24},"end":{"line":40,"column":1}},"line":27}},"branchMap":{"0":{"loc":{"start":{"line":3,"column":2},"end":{"line":7,"column":3}},"type":"if","locations":[{"start":{"line":3,"column":2},"end":{"line":7,"column":3}},{"start":{"line":5,"column":9},"end":{"line":7,"column":3}}],"line":3},"1":{"loc":{"start":{"line":3,"column":6},"end":{"line":3,"column":61}},"type":"binary-expr","locations":[{"start":{"line":3,"column":6},"end":{"line":3,"column":15}},{"start":{"line":3,"column":19},"end":{"line":3,"column":34}},{"start":{"line":3,"column":38},"end":{"line":3,"column":61}}],"line":3},"2":{"loc":{"start":{"line":11,"column":2},"end":{"line":11,"column":36}},"type":"if","locations":[{"start":{"line":11,"column":2},"end":{"line":11,"column":36}},{"start":{},"end":{}}],"line":11},"3":{"loc":{"start":{"line":12,"column":2},"end":{"line":12,"column":56}},"type":"if","locations":[{"start":{"line":12,"column":2},"end":{"line":12,"column":56}},{"start":{},"end":{}}],"line":12},"4":{"loc":{"start":{"line":12,"column":6},"end":{"line":12,"column":44}},"type":"binary-expr","locations":[{"start":{"line":12,"column":6},"end":{"line":12,"column":24}},{"start":{"line":12,"column":28},"end":{"line":12,"column":44}}],"line":12},"5":{"loc":{"start":{"line":16,"column":4},"end":{"line":22,"column":5}},"type":"if","locations":[{"start":{"line":16,"column":4},"end":{"line":22,"column":5}},{"start":{"line":18,"column":11},"end":{"line":22,"column":5}}],"line":16},"6":{"loc":{"start":{"line":18,"column":11},"end":{"line":22,"column":5}},"type":"if","locations":[{"start":{"line":18,"column":11},"end":{"line":22,"column":5}},{"start":{"line":20,"column":11},"end":{"line":22,"column":5}}],"line":18},"7":{"loc":{"start":{"line":28,"column":2},"end":{"line":28,"column":65}},"type":"if","locations":[{"start":{"line":28,"column":2},"end":{"line":28,"column":65}},{"start":{},"end":{}}],"line":28},"8":{"loc":{"start":{"line":28,"column":6},"end":{"line":28,"column":54}},"type":"binary-expr","locations":[{"start":{"line":28,"column":6},"end":{"line":28,"column":22}},{"start":{"line":28,"column":26},"end":{"line":28,"column":54}}],"line":28},"9":{"loc":{"start":{"line":33,"column":4},"end":{"line":38,"column":5}},"type":"if","locations":[{"start":{"line":33,"column":4},"end":{"line":38,"column":5}},{"start":{"line":34,"column":9},"end":{"line":38,"column":5}}],"line":33},"10":{"loc":{"start":{"line":34,"column":9},"end":{"line":38,"column":5}},"type":"if","locations":[{"start":{"line":34,"column":9},"end":{"line":38,"column":5}},{"start":{"line":36,"column":11},"end":{"line":38,"column":5}}],"line":34}},"s":{"0":5,"1":5,"2":2,"3":3,"4":5,"5":0,"6":5,"7":1,"8":4,"9":8,"10":8,"11":3,"12":5,"13":1,"14":4,"15":1,"16":5,"17":0,"18":5,"19":5,"20":5,"21":7,"22":7,"23":5,"24":2,"25":1,"26":1,"27":1},"f":{"0":5,"1":5,"2":5},"b":{"0":[2,3],"1":[5,5,3],"2":[0,5],"3":[1,4],"4":[5,5],"5":[3,5],"6":[1,4],"7":[0,5],"8":[5,5],"9":[5,2],"10":[1,1]},"_coverageSchema":"1a1c01bbd47fc00a2c39e90264f33305004495a9","hash":"7a9c99e0eed05d45664bdd360661f10fe81875ca"}
,"/Users/seanfroelich/Documents/Coding/BootCamp/Flask/Flask_Exercises/Divide_&_Conquer_Exercise/prob-divide-conquer/find-rotation-count.js": {"path":"/Users/seanfroelich/Documents/Coding/BootCamp/Flask/Flask_Exercises/Divide_&_Conquer_Exercise/prob-divide-conquer/find-rotation-count.js","statementMap":{"0":{"start":{"line":2,"column":2},"end":{"line":2,"column":27}},"1":{"start":{"line":2,"column":18},"end":{"line":2,"column":27}},"2":{"start":{"line":3,"column":2},"end":{"line":3,"column":31}},"3":{"start":{"line":3,"column":20},"end":{"line":3,"column":31}},"4":{"start":{"line":4,"column":12},"end":{"line":4,"column":40}},"5":{"start":{"line":8,"column":2},"end":{"line":8,"column":60}},"6":{"start":{"line":8,"column":45},"end":{"line":8,"column":60}},"7":{"start":{"line":11,"column":2},"end":{"line":13,"column":3}},"8":{"start":{"line":12,"column":4},"end":{"line":12,"column":15}},"9":{"start":{"line":16,"column":2},"end":{"line":18,"column":3}},"10":{"start":{"line":17,"column":4},"end":{"line":17,"column":48}},"11":{"start":{"line":20,"column":2},"end":{"line":20,"column":47}},"12":{"start":{"line":22,"column":0},"end":{"line":22,"column":35}}},"fnMap":{"0":{"name":"findRotationCount","decl":{"start":{"line":1,"column":9},"end":{"line":1,"column":26}},"loc":{"start":{"line":1,"column":64},"end":{"line":21,"column":1}},"line":1}},"branchMap":{"0":{"loc":{"start":{"line":1,"column":32},"end":{"line":1,"column":39}},"type":"default-arg","locations":[{"start":{"line":1,"column":38},"end":{"line":1,"column":39}}],"line":1},"1":{"loc":{"start":{"line":1,"column":41},"end":{"line":1,"column":62}},"type":"default-arg","locations":[{"start":{"line":1,"column":48},"end":{"line":1,"column":62}}],"line":1},"2":{"loc":{"start":{"line":2,"column":2},"end":{"line":2,"column":27}},"type":"if","locations":[{"start":{"line":2,"column":2},"end":{"line":2,"column":27}},{"start":{},"end":{}}],"line":2},"3":{"loc":{"start":{"line":3,"column":2},"end":{"line":3,"column":31}},"type":"if","locations":[{"start":{"line":3,"column":2},"end":{"line":3,"column":31}},{"start":{},"end":{}}],"line":3},"4":{"loc":{"start":{"line":8,"column":2},"end":{"line":8,"column":60}},"type":"if","locations":[{"start":{"line":8,"column":2},"end":{"line":8,"column":60}},{"start":{},"end":{}}],"line":8},"5":{"loc":{"start":{"line":8,"column":6},"end":{"line":8,"column":43}},"type":"binary-expr","locations":[{"start":{"line":8,"column":6},"end":{"line":8,"column":16}},{"start":{"line":8,"column":20},"end":{"line":8,"column":43}}],"line":8},"6":{"loc":{"start":{"line":11,"column":2},"end":{"line":13,"column":3}},"type":"if","locations":[{"start":{"line":11,"column":2},"end":{"line":13,"column":3}},{"start":{},"end":{}}],"line":11},"7":{"loc":{"start":{"line":11,"column":6},"end":{"line":11,"column":42}},"type":"binary-expr","locations":[{"start":{"line":11,"column":6},"end":{"line":11,"column":15}},{"start":{"line":11,"column":19},"end":{"line":11,"column":42}}],"line":11},"8":{"loc":{"start":{"line":16,"column":2},"end":{"line":18,"column":3}},"type":"if","locations":[{"start":{"line":16,"column":2},"end":{"line":18,"column":3}},{"start":{},"end":{}}],"line":16}},"s":{"0":6,"1":1,"2":5,"3":0,"4":5,"5":5,"6":1,"7":4,"8":1,"9":3,"10":2,"11":1,"12":1},"f":{"0":6},"b":{"0":[3],"1":[3],"2":[1,5],"3":[0,5],"4":[1,4],"5":[5,5],"6":[1,3],"7":[4,3],"8":[2,1]},"_coverageSchema":"1a1c01bbd47fc00a2c39e90264f33305004495a9","hash":"6a4c3379d26255319e040230394b523ef9678bc4"}
,"/Users/seanfroelich/Documents/Coding/BootCamp/Flask/Flask_Exercises/Divide_&_Conquer_Exercise/prob-divide-conquer/sorted-frequency.js": {"path":"/Users/seanfroelich/Documents/Coding/BootCamp/Flask/Flask_Exercises/Divide_&_Conquer_Exercise/prob-divide-conquer/sorted-frequency.js","statementMap":{"0":{"start":{"line":2,"column":17},"end":{"line":2,"column":36}},"1":{"start":{"line":3,"column":2},"end":{"line":3,"column":38}},"2":{"start":{"line":3,"column":22},"end":{"line":3,"column":38}},"3":{"start":{"line":4,"column":16},"end":{"line":4,"column":34}},"4":{"start":{"line":5,"column":2},"end":{"line":5,"column":32}},"5":{"start":{"line":9,"column":2},"end":{"line":20,"column":3}},"6":{"start":{"line":10,"column":14},"end":{"line":10,"column":42}},"7":{"start":{"line":13,"column":4},"end":{"line":19,"column":5}},"8":{"start":{"line":14,"column":6},"end":{"line":14,"column":17}},"9":{"start":{"line":15,"column":11},"end":{"line":19,"column":5}},"10":{"start":{"line":16,"column":6},"end":{"line":16,"column":48}},"11":{"start":{"line":18,"column":6},"end":{"line":18,"column":47}},"12":{"start":{"line":21,"column":2},"end":{"line":21,"column":12}},"13":{"start":{"line":25,"column":2},"end":{"line":34,"column":3}},"14":{"start":{"line":26,"column":14},"end":{"line":26,"column":42}},"15":{"start":{"line":27,"column":4},"end":{"line":33,"column":5}},"16":{"start":{"line":28,"column":6},"end":{"line":28,"column":17}},"17":{"start":{"line":29,"column":11},"end":{"line":33,"column":5}},"18":{"start":{"line":30,"column":6},"end":{"line":30,"column":46}},"19":{"start":{"line":32,"column":6},"end":{"line":32,"column":47}},"20":{"start":{"line":35,"column":2},"end":{"line":35,"column":12}},"21":{"start":{"line":37,"column":0},"end":{"line":37,"column":33}}},"fnMap":{"0":{"name":"sortedFrequency","decl":{"start":{"line":1,"column":9},"end":{"line":1,"column":24}},"loc":{"start":{"line":1,"column":35},"end":{"line":6,"column":1}},"line":1},"1":{"name":"findFirst","decl":{"start":{"line":8,"column":9},"end":{"line":8,"column":18}},"loc":{"start":{"line":8,"column":61},"end":{"line":22,"column":1}},"line":8},"2":{"name":"findLast","decl":{"start":{"line":24,"column":9},"end":{"line":24,"column":17}},"loc":{"start":{"line":24,"column":60},"end":{"line":36,"column":1}},"line":24}},"branchMap":{"0":{"loc":{"start":{"line":3,"column":2},"end":{"line":3,"column":38}},"type":"if","locations":[{"start":{"line":3,"column":2},"end":{"line":3,"column":38}},{"start":{},"end":{}}],"line":3},"1":{"loc":{"start":{"line":8,"column":29},"end":{"line":8,"column":36}},"type":"default-arg","locations":[{"start":{"line":8,"column":35},"end":{"line":8,"column":36}}],"line":8},"2":{"loc":{"start":{"line":8,"column":38},"end":{"line":8,"column":59}},"type":"default-arg","locations":[{"start":{"line":8,"column":45},"end":{"line":8,"column":59}}],"line":8},"3":{"loc":{"start":{"line":9,"column":2},"end":{"line":20,"column":3}},"type":"if","locations":[{"start":{"line":9,"column":2},"end":{"line":20,"column":3}},{"start":{},"end":{}}],"line":9},"4":{"loc":{"start":{"line":13,"column":4},"end":{"line":19,"column":5}},"type":"if","locations":[{"start":{"line":13,"column":4},"end":{"line":19,"column":5}},{"start":{"line":15,"column":11},"end":{"line":19,"column":5}}],"line":13},"5":{"loc":{"start":{"line":13,"column":8},"end":{"line":13,"column":61}},"type":"binary-expr","locations":[{"start":{"line":13,"column":8},"end":{"line":13,"column":17}},{"start":{"line":13,"column":22},"end":{"line":13,"column":40}},{"start":{"line":13,"column":44},"end":{"line":13,"column":60}}],"line":13},"6":{"loc":{"start":{"line":15,"column":11},"end":{"line":19,"column":5}},"type":"if","locations":[{"start":{"line":15,"column":11},"end":{"line":19,"column":5}},{"start":{"line":17,"column":11},"end":{"line":19,"column":5}}],"line":15},"7":{"loc":{"start":{"line":24,"column":28},"end":{"line":24,"column":35}},"type":"default-arg","locations":[{"start":{"line":24,"column":34},"end":{"line":24,"column":35}}],"line":24},"8":{"loc":{"start":{"line":24,"column":37},"end":{"line":24,"column":58}},"type":"default-arg","locations":[{"start":{"line":24,"column":44},"end":{"line":24,"column":58}}],"line":24},"9":{"loc":{"start":{"line":25,"column":2},"end":{"line":34,"column":3}},"type":"if","locations":[{"start":{"line":25,"column":2},"end":{"line":34,"column":3}},{"start":{},"end":{}}],"line":25},"10":{"loc":{"start":{"line":27,"column":4},"end":{"line":33,"column":5}},"type":"if","locations":[{"start":{"line":27,"column":4},"end":{"line":33,"column":5}},{"start":{"line":29,"column":11},"end":{"line":33,"column":5}}],"line":27},"11":{"loc":{"start":{"line":27,"column":8},"end":{"line":27,"column":74}},"type":"binary-expr","locations":[{"start":{"line":27,"column":8},"end":{"line":27,"column":30}},{"start":{"line":27,"column":35},"end":{"line":27,"column":53}},{"start":{"line":27,"column":57},"end":{"line":27,"column":73}}],"line":27},"12":{"loc":{"start":{"line":29,"column":11},"end":{"line":33,"column":5}},"type":"if","locations":[{"start":{"line":29,"column":11},"end":{"line":33,"column":5}},{"start":{"line":31,"column":11},"end":{"line":33,"column":5}}],"line":29}},"s":{"0":4,"1":4,"2":1,"3":3,"4":3,"5":13,"6":12,"7":12,"8":3,"9":9,"10":6,"11":3,"12":1,"13":7,"14":7,"15":7,"16":3,"17":4,"18":1,"19":3,"20":0,"21":1},"f":{"0":4,"1":13,"2":7},"b":{"0":[1,3],"1":[4],"2":[4],"3":[12,1],"4":[3,9],"5":[12,11,8],"6":[6,3],"7":[3],"8":[3],"9":[7,0],"10":[3,4],"11":[7,6,3],"12":[1,3]},"_coverageSchema":"1a1c01bbd47fc00a2c39e90264f33305004495a9","hash":"9083e3727e0cd5ded4c8e6990d30da289d8cd897"}
}
