TN:
SF:count-zeroes.js
FN:23,countZeroes
FN:31,findFirst
FNF:2
FNH:2
FNDA:4,countZeroes
FNDA:11,findFirst
DA:25,4
DA:26,4
DA:28,3
DA:32,11
DA:33,10
DA:34,10
DA:35,3
DA:36,7
DA:37,5
DA:39,2
DA:41,1
DA:44,1
LF:12
LH:12
BRDA:26,0,0,1
BRDA:26,0,1,3
BRDA:31,1,0,4
BRDA:31,2,0,4
BRDA:32,3,0,10
BRDA:32,3,1,1
BRDA:34,4,0,3
BRDA:34,4,1,7
BRDA:34,5,0,10
BRDA:34,5,1,8
BRDA:34,5,2,8
BRDA:36,6,0,5
BRDA:36,6,1,2
BRF:13
BRH:13
end_of_record
TN:
SF:find-floor.js
FN:1,findFloor
FNF:1
FNH:1
FNDA:8,findFloor
DA:2,8
DA:3,7
DA:5,6
DA:7,6
DA:9,6
DA:10,1
DA:13,5
DA:14,4
DA:17,1
DA:20,1
LF:10
LH:10
BRDA:1,0,0,3
BRDA:1,1,0,3
BRDA:2,2,0,1
BRDA:2,2,1,7
BRDA:3,3,0,1
BRDA:3,3,1,6
BRDA:7,4,0,0
BRDA:7,4,1,6
BRDA:9,5,0,1
BRDA:9,5,1,5
BRDA:9,6,0,6
BRDA:9,6,1,5
BRDA:9,6,2,2
BRDA:13,7,0,4
BRDA:13,7,1,1
BRF:15
BRH:14
end_of_record
TN:
SF:find-rotated-index.js
FN:1,findRotatedIndex
FN:10,binarySearch
FN:27,findPivot
FNF:3
FNH:3
FNDA:5,findRotatedIndex
FNDA:5,binarySearch
FNDA:5,findPivot
DA:2,5
DA:3,5
DA:4,2
DA:6,3
DA:11,5
DA:12,5
DA:14,4
DA:15,8
DA:16,8
DA:17,3
DA:18,5
DA:19,1
DA:21,4
DA:24,1
DA:28,5
DA:29,5
DA:30,5
DA:31,5
DA:32,7
DA:33,7
DA:34,2
DA:35,1
DA:37,1
DA:41,1
LF:24
LH:24
BRDA:3,0,0,2
BRDA:3,0,1,3
BRDA:3,1,0,5
BRDA:3,1,1,5
BRDA:3,1,2,3
BRDA:11,2,0,0
BRDA:11,2,1,5
BRDA:12,3,0,1
BRDA:12,3,1,4
BRDA:12,4,0,5
BRDA:12,4,1,5
BRDA:16,5,0,3
BRDA:16,5,1,5
BRDA:18,6,0,1
BRDA:18,6,1,4
BRDA:28,7,0,0
BRDA:28,7,1,5
BRDA:28,8,0,5
BRDA:28,8,1,5
BRDA:33,9,0,5
BRDA:33,9,1,2
BRDA:34,10,0,1
BRDA:34,10,1,1
BRF:23
BRH:21
end_of_record
TN:
SF:find-rotation-count.js
FN:1,findRotationCount
FNF:1
FNH:1
FNDA:6,findRotationCount
DA:2,6
DA:3,5
DA:4,5
DA:8,5
DA:11,4
DA:12,1
DA:16,3
DA:17,2
DA:20,1
DA:22,1
LF:10
LH:10
BRDA:1,0,0,3
BRDA:1,1,0,3
BRDA:2,2,0,1
BRDA:2,2,1,5
BRDA:3,3,0,0
BRDA:3,3,1,5
BRDA:8,4,0,1
BRDA:8,4,1,4
BRDA:8,5,0,5
BRDA:8,5,1,5
BRDA:11,6,0,1
BRDA:11,6,1,3
BRDA:11,7,0,4
BRDA:11,7,1,3
BRDA:16,8,0,2
BRDA:16,8,1,1
BRF:16
BRH:15
end_of_record
TN:
SF:sorted-frequency.js
FN:1,sortedFrequency
FN:8,findFirst
FN:24,findLast
FNF:3
FNH:3
FNDA:4,sortedFrequency
FNDA:13,findFirst
FNDA:7,findLast
DA:2,4
DA:3,4
DA:4,3
DA:5,3
DA:9,13
DA:10,12
DA:13,12
DA:14,3
DA:15,9
DA:16,6
DA:18,3
DA:21,1
DA:25,7
DA:26,7
DA:27,7
DA:28,3
DA:29,4
DA:30,1
DA:32,3
DA:35,0
DA:37,1
LF:21
LH:20
BRDA:3,0,0,1
BRDA:3,0,1,3
BRDA:8,1,0,4
BRDA:8,2,0,4
BRDA:9,3,0,12
BRDA:9,3,1,1
BRDA:13,4,0,3
BRDA:13,4,1,9
BRDA:13,5,0,12
BRDA:13,5,1,11
BRDA:13,5,2,8
BRDA:15,6,0,6
BRDA:15,6,1,3
BRDA:24,7,0,3
BRDA:24,8,0,3
BRDA:25,9,0,7
BRDA:25,9,1,0
BRDA:27,10,0,3
BRDA:27,10,1,4
BRDA:27,11,0,7
BRDA:27,11,1,6
BRDA:27,11,2,3
BRDA:29,12,0,1
BRDA:29,12,1,3
BRF:24
BRH:23
end_of_record
